<?xml version="1.0" encoding="UTF-8"?>
<!-- Generated by org.testng.reporters.JUnitReportReporter -->
<testsuite hostname="SSRIVASTAVLT2" name="gitpackage.Gitclass" tests="1" failures="0" timestamp="5 Dec 2019 02:44:18 GMT" time="0.012" errors="0">
  <testcase name="f" time="0.012" classname="gitpackage.Gitclass"/>
</testsuite> <!-- gitpackage.Gitclass -->
